time="2025-12-31T17:09:51Z" level=warning msg="/workspaces/iLuminara-Core/docker-compose.yml: the attribute `version` is obsolete, it will be ignored, please remove it to avoid potential confusion"
 ai-runner Pulling 
 fleet-command-agent Pulling 
 prometheus Pulling 
 grafana Pulling 
 iot-gateway Pulling 
 fleet-command-agent Error unauthorized: <html>
<head><title>401 Authorization Required</title></head>
<body>
<center><h1>401 Authorization Required</h1></center>
<hr><center>nginx/1.22.1</center>
</body>
</html>
 prometheus  Interrupted
 ai-runner  Interrupted
 iot-gateway  Interrupted
 grafana  Interrupted
Error response from daemon: unauthorized: <html>
<head><title>401 Authorization Required</title></head>
<body>
<center><h1>401 Authorization Required</h1></center>
<hr><center>nginx/1.22.1</center>
</body>
</html>
